2022.11.01 11:32:34 INFO  tracing is disabled for protocol LSP, to enable tracing of incoming and outgoing JSON messages create an empty file at s:\EDU\YR3\Assn3EPL\.metals\lsp.trace.json or C:\Users\szila\AppData\Local\scalameta\metals\cache\lsp.trace.json
2022.11.01 11:32:36 INFO  logging to file S:\EDU\YR3\Assn3EPL\.metals\metals.log
2022.11.01 11:32:36 INFO  Started: Metals version 0.11.9 in workspace 'S:\EDU\YR3\Assn3EPL' for client Visual Studio Code 1.72.2.
2022.11.01 11:32:41 INFO  time: initialize in 5.18s
2022.11.01 11:32:42 WARN  Build server is not auto-connectable.
2022.11.01 11:36:06 INFO  running 'C:\Users\szila\Downloads\jdk-14\bin\java -Djline.terminal=jline.UnsupportedTerminal -Dsbt.log.noformat=true -Dfile.encoding=UTF-8 -jar C:\Users\szila\AppData\Local\Temp\metals7673973188734717536\sbt-launch.jar -Dbloop.export-jar-classifiers=sources bloopInstall'
2022.11.01 11:36:09 INFO  [info] welcome to sbt 1.7.3 (Oracle Corporation Java 14)
2022.11.01 11:36:11 INFO  [info] loading settings for project assn3epl-build-build from metals.sbt ...
2022.11.01 11:36:11 INFO  [info] loading project definition from S:\EDU\YR3\Assn3EPL\project\project
2022.11.01 11:36:13 INFO  [info] loading settings for project assn3epl-build from metals.sbt ...
2022.11.01 11:36:13 INFO  [info] loading project definition from S:\EDU\YR3\Assn3EPL\project
2022.11.01 11:36:17 INFO  [success] Generated .bloop\assn3epl-build.json
2022.11.01 11:36:17 INFO  [success] Total time: 4 s, completed 1 Nov 2022, 11:36:17
2022.11.01 11:36:18 INFO  [info] loading settings for project assignment3 from build.sbt ...
2022.11.01 11:36:18 INFO  [info] set current project to Assignment 3 (in build file:/S:/EDU/YR3/Assn3EPL/)
2022.11.01 11:36:24 INFO  [success] Generated .bloop\assignment3-test.json
2022.11.01 11:36:24 INFO  [success] Generated .bloop\assignment3.json
2022.11.01 11:36:24 INFO  [success] Total time: 5 s, completed 1 Nov 2022, 11:36:24
2022.11.01 11:36:24 INFO  time: ran 'sbt bloopInstall' in 18s
2022.11.01 11:36:24 INFO  Attempting to connect to the build server...
2022.11.01 11:36:24 INFO  Setting up current java home C:\Users\szila\Downloads\jdk-14 in C:\Users\szila\.bloop\bloop.json
2022.11.01 11:36:39 INFO  tracing is disabled for protocol BSP, to enable tracing of incoming and outgoing JSON messages create an empty file at S:\EDU\YR3\Assn3EPL\.metals\bsp.trace.json or C:\Users\szila\AppData\Local\scalameta\metals\cache\bsp.trace.json
2022.11.01 11:36:42 INFO  Attempting to connect to the build server...
2022.11.01 11:36:42 INFO  Bloop uses C:\Users\szila\Downloads\jdk-14 defined at C:\Users\szila\.bloop\bloop.json
2022.11.01 11:36:42 INFO  tracing is disabled for protocol BSP, to enable tracing of incoming and outgoing JSON messages create an empty file at S:\EDU\YR3\Assn3EPL\project\.metals\bsp.trace.json or C:\Users\szila\AppData\Local\scalameta\metals\cache\bsp.trace.json
2022.11.01 11:36:44 INFO  time: Connected to build server in 19s
2022.11.01 11:36:44 INFO  Connected to Build server: Bloop v1.5.4
2022.11.01 11:36:56 INFO  time: indexed workspace in 12s
2022.11.01 11:43:45 INFO  compiling assignment3 (6 scala sources)
2022.11.01 11:44:00 WARN  there were three feature warnings; re-run with -feature for details
2022.11.01 11:44:00 INFO  time: compiled assignment3 in 16s
2022.11.01 16:32:21 INFO  tracing is disabled for protocol LSP, to enable tracing of incoming and outgoing JSON messages create an empty file at s:\EDU\YR3\Assn3EPL\.metals\lsp.trace.json or C:\Users\szila\AppData\Local\scalameta\metals\cache\lsp.trace.json
2022.11.01 16:32:22 INFO  logging to file S:\EDU\YR3\Assn3EPL\.metals\metals.log
2022.11.01 16:32:22 INFO  Started: Metals version 0.11.9 in workspace 'S:\EDU\YR3\Assn3EPL' for client Visual Studio Code 1.72.2.
2022.11.01 16:32:30 INFO  time: initialize in 7.55s
2022.11.01 16:32:31 INFO  Attempting to connect to the build server...
2022.11.01 16:32:31 INFO  Bloop uses C:\Users\szila\Downloads\jdk-14 defined at C:\Users\szila\.bloop\bloop.json
2022.11.01 16:32:31 INFO  skipping build import with status 'Installed'
2022.11.01 16:32:38 INFO  no build target found for S:\EDU\YR3\Assn3EPL\src\main\scala\Assignment3\FRP.scala. Using presentation compiler with project's scala-library version: 3.2.0
2022.11.01 16:32:42 INFO  time: code lens generation in 10s
2022.11.01 16:32:48 INFO  tracing is disabled for protocol BSP, to enable tracing of incoming and outgoing JSON messages create an empty file at S:\EDU\YR3\Assn3EPL\.metals\bsp.trace.json or C:\Users\szila\AppData\Local\scalameta\metals\cache\bsp.trace.json
2022.11.01 16:32:48 INFO  Attempting to connect to the build server...
2022.11.01 16:32:48 INFO  Bloop uses C:\Users\szila\Downloads\jdk-14 defined at C:\Users\szila\.bloop\bloop.json
2022.11.01 16:32:48 INFO  tracing is disabled for protocol BSP, to enable tracing of incoming and outgoing JSON messages create an empty file at S:\EDU\YR3\Assn3EPL\project\.metals\bsp.trace.json or C:\Users\szila\AppData\Local\scalameta\metals\cache\bsp.trace.json
2022.11.01 16:32:48 INFO  time: Connected to build server in 17s
2022.11.01 16:32:48 INFO  Connected to Build server: Bloop v1.5.4
2022.11.01 16:32:48 INFO  time: Imported build in 0.13s
2022.11.01 16:33:00 INFO  time: indexed workspace in 11s
2022.11.01 16:33:01 INFO  compiling assignment3 (6 scala sources)
2022.11.01 16:33:11 WARN  there were three feature warnings; re-run with -feature for details
2022.11.01 16:33:11 INFO  time: compiled assignment3 in 10s
2022.11.02 14:06:47 INFO  tracing is disabled for protocol LSP, to enable tracing of incoming and outgoing JSON messages create an empty file at s:\EDU\YR3\Assn3EPL\.metals\lsp.trace.json or C:\Users\szila\AppData\Local\scalameta\metals\cache\lsp.trace.json
2022.11.02 14:06:48 INFO  logging to file S:\EDU\YR3\Assn3EPL\.metals\metals.log
2022.11.02 14:06:48 INFO  Started: Metals version 0.11.9 in workspace 'S:\EDU\YR3\Assn3EPL' for client Visual Studio Code 1.72.2.
2022.11.02 14:06:55 INFO  time: initialize in 6.78s
2022.11.02 14:06:56 INFO  Attempting to connect to the build server...
2022.11.02 14:06:56 INFO  Bloop uses C:\Users\szila\Downloads\jdk-14 defined at C:\Users\szila\.bloop\bloop.json
2022.11.02 14:06:56 INFO  skipping build import with status 'Installed'
2022.11.02 14:07:00 INFO  no build target found for S:\EDU\YR3\Assn3EPL\src\main\scala\Assignment3\FRP.scala. Using presentation compiler with project's scala-library version: 3.2.0
2022.11.02 14:07:04 INFO  time: code lens generation in 7.83s
2022.11.02 14:07:08 INFO  tracing is disabled for protocol BSP, to enable tracing of incoming and outgoing JSON messages create an empty file at S:\EDU\YR3\Assn3EPL\.metals\bsp.trace.json or C:\Users\szila\AppData\Local\scalameta\metals\cache\bsp.trace.json
2022.11.02 14:07:08 INFO  Attempting to connect to the build server...
2022.11.02 14:07:08 INFO  Bloop uses C:\Users\szila\Downloads\jdk-14 defined at C:\Users\szila\.bloop\bloop.json
2022.11.02 14:07:08 INFO  tracing is disabled for protocol BSP, to enable tracing of incoming and outgoing JSON messages create an empty file at S:\EDU\YR3\Assn3EPL\project\.metals\bsp.trace.json or C:\Users\szila\AppData\Local\scalameta\metals\cache\bsp.trace.json
2022.11.02 14:07:08 INFO  time: Connected to build server in 12s
2022.11.02 14:07:08 INFO  Connected to Build server: Bloop v1.5.4
2022.11.02 14:07:19 INFO  time: indexed workspace in 10s
Nov 02, 2022 2:16:13 PM org.eclipse.lsp4j.jsonrpc.RemoteEndpoint handleCancellation
WARNING: Unmatched cancel notification for request id 6
2022.11.02 18:20:56 INFO  shutting down Metals
2022.11.02 18:20:56 INFO  Shut down connection with build server.
2022.11.02 18:20:56 INFO  Shut down connection with build server.
2022.11.03 10:35:32 INFO  tracing is disabled for protocol LSP, to enable tracing of incoming and outgoing JSON messages create an empty file at s:\EDU\YR3\Assn3EPL\.metals\lsp.trace.json or C:\Users\szila\AppData\Local\scalameta\metals\cache\lsp.trace.json
2022.11.03 10:35:34 INFO  logging to file S:\EDU\YR3\Assn3EPL\.metals\metals.log
2022.11.03 10:35:34 INFO  Started: Metals version 0.11.9 in workspace 'S:\EDU\YR3\Assn3EPL' for client Visual Studio Code 1.72.2.
2022.11.03 10:35:36 INFO  time: initialize in 1.55s
2022.11.03 10:35:37 INFO  Attempting to connect to the build server...
2022.11.03 10:35:37 INFO  Bloop uses C:\Users\szila\Downloads\jdk-14 defined at C:\Users\szila\.bloop\bloop.json
2022.11.03 10:35:37 INFO  skipping build import with status 'Installed'
2022.11.03 10:35:41 INFO  no build target found for S:\EDU\YR3\Assn3EPL\src\main\scala\Assignment3\RabbitEDSL.scala. Using presentation compiler with project's scala-library version: 3.2.0
2022.11.03 10:35:45 INFO  time: code lens generation in 7.17s
2022.11.03 10:35:50 INFO  tracing is disabled for protocol BSP, to enable tracing of incoming and outgoing JSON messages create an empty file at S:\EDU\YR3\Assn3EPL\.metals\bsp.trace.json or C:\Users\szila\AppData\Local\scalameta\metals\cache\bsp.trace.json
2022.11.03 10:35:50 INFO  Attempting to connect to the build server...
2022.11.03 10:35:50 INFO  Bloop uses C:\Users\szila\Downloads\jdk-14 defined at C:\Users\szila\.bloop\bloop.json
2022.11.03 10:35:50 INFO  tracing is disabled for protocol BSP, to enable tracing of incoming and outgoing JSON messages create an empty file at S:\EDU\YR3\Assn3EPL\project\.metals\bsp.trace.json or C:\Users\szila\AppData\Local\scalameta\metals\cache\bsp.trace.json
2022.11.03 10:35:50 INFO  time: Connected to build server in 13s
2022.11.03 10:35:50 INFO  Connected to Build server: Bloop v1.5.4
2022.11.03 10:35:51 INFO  time: Imported build in 0.73s
2022.11.03 10:36:02 INFO  time: indexed workspace in 10s
